<?xml version="1.0" encoding="UTF-8"?>
<!-- Generated by org.testng.reporters.JUnitReportReporter -->
<testsuite hostname="DESKTOP-NV6AV6F" failures="0" tests="1" name="TestCases.MyTestCases" time="2.167" errors="0" timestamp="2023-03-12T22:16:40 IST" skipped="0">
  <testcase classname="TestCases.MyTestCases" name="Shopping" time="2.167"/>
  <system-out/>
</testsuite> <!-- TestCases.MyTestCases -->
