<?xml version="1.0" encoding="UTF-8"?>
<!-- Generated by org.testng.reporters.JUnitReportReporter -->
<testsuite hostname="DESKTOP-NV6AV6F" failures="0" tests="4" name="TestCases.LoginScenarios" time="1.880" errors="0" timestamp="2023-03-12T22:16:40 IST" skipped="0">
  <testcase classname="TestCases.LoginScenarios" name="invalidPassword" time="0.395"/>
  <system-out/>
  <testcase classname="TestCases.LoginScenarios" name="invalidUsername" time="0.384"/>
  <system-out/>
  <testcase classname="TestCases.LoginScenarios" name="emptyLogin" time="0.561"/>
  <system-out/>
  <testcase classname="TestCases.LoginScenarios" name="validLogin" time="0.540"/>
  <system-out/>
</testsuite> <!-- TestCases.LoginScenarios -->
